Log file open, 12/17/18 16:35:54
LogWindows: Failed to load 'aqProf.dll' (GetLastError=126)
LogWindows: File 'aqProf.dll' does not exist
LogWindows: Failed to load 'VtuneApi.dll' (GetLastError=126)
LogWindows: File 'VtuneApi.dll' does not exist
LogWindows: Failed to load 'VtuneApi32e.dll' (GetLastError=126)
LogWindows: File 'VtuneApi32e.dll' does not exist
LogInit: Display: Running engine for game: Paragone
LogPlatformFile: Not using cached read wrapper
LogTaskGraph: Started task graph with 5 named threads and 35 total threads with 3 sets of task threads.
LogStats: Stats thread started at 0.414555
LogD3D11RHI: Loaded GFSDK_Aftermath_Lib.x64.dll
LogICUInternationalization: Display: ICU TimeZone Detection - Raw Offset: -6:00, Platform Override: ''
LogPluginManager: Mounting plugin Paper2D
LogPluginManager: Mounting plugin AISupport
LogPluginManager: Mounting plugin LightPropagationVolume
LogPluginManager: Mounting plugin CLionSourceCodeAccess
LogPluginManager: Mounting plugin CodeLiteSourceCodeAccess
LogPluginManager: Mounting plugin GitSourceControl
LogPluginManager: Mounting plugin KDevelopSourceCodeAccess
LogPluginManager: Mounting plugin NullSourceCodeAccess
LogPluginManager: Mounting plugin PerforceSourceControl
LogPluginManager: Mounting plugin SubversionSourceControl
LogPluginManager: Mounting plugin UObjectPlugin
LogPluginManager: Mounting plugin VisualStudioCodeSourceCodeAccess
LogPluginManager: Mounting plugin VisualStudioSourceCodeAccess
LogPluginManager: Mounting plugin XCodeSourceCodeAccess
LogPluginManager: Mounting plugin AssetManagerEditor
LogPluginManager: Mounting plugin CryptoKeys
LogPluginManager: Mounting plugin DataValidation
LogPluginManager: Mounting plugin EditorScriptingUtilities
LogPluginManager: Mounting plugin FacialAnimation
LogPluginManager: Mounting plugin GameplayTagsEditor
LogPluginManager: Mounting plugin MacGraphicsSwitching
LogPluginManager: Mounting plugin MeshEditor
LogPluginManager: Mounting plugin MobileLauncherProfileWizard
LogPluginManager: Mounting plugin PluginBrowser
LogPluginManager: Mounting plugin SpeedTreeImporter
LogPluginManager: Mounting plugin DatasmithContent
LogPluginManager: Mounting plugin AlembicImporter
LogPluginManager: Mounting plugin AppleImageUtils
LogPluginManager: Mounting plugin AppleVision
LogPluginManager: Mounting plugin BackChannel
LogPluginManager: Mounting plugin CharacterAI
LogPluginManager: Mounting plugin GeometryCache
LogPluginManager: Mounting plugin HTML5Networking
LogPluginManager: Mounting plugin ProxyLODPlugin
LogPluginManager: Mounting plugin MagicLeap
LogPluginManager: Mounting plugin MagicLeapEmulator
LogPluginManager: Mounting plugin MagicLeapMedia
LogPluginManager: Mounting plugin AndroidMedia
LogPluginManager: Mounting plugin AvfMedia
LogPluginManager: Mounting plugin ImgMedia
LogPluginManager: Mounting plugin LinearTimecode
LogPluginManager: Mounting plugin MediaCompositing
LogPluginManager: Mounting plugin MediaPlayerEditor
LogPluginManager: Mounting plugin WmfMedia
LogPluginManager: Mounting plugin TcpMessaging
LogPluginManager: Mounting plugin UdpMessaging
LogPluginManager: Mounting plugin ActorSequence
LogPluginManager: Mounting plugin LevelSequenceEditor
LogPluginManager: Mounting plugin MatineeToLevelSequence
LogPluginManager: Mounting plugin NetcodeUnitTest
LogPluginManager: Mounting plugin NUTUnrealEngine4
LogPluginManager: Mounting plugin OnlineSubsystemGooglePlay
LogPluginManager: Mounting plugin OnlineSubsystemIOS
LogPluginManager: Mounting plugin OnlineSubsystem
LogPluginManager: Mounting plugin OnlineSubsystemNull
LogPluginManager: Mounting plugin OnlineSubsystemUtils
LogPluginManager: Mounting plugin LauncherChunkInstaller
LogPluginManager: Mounting plugin AndroidDeviceProfileSelector
LogPluginManager: Mounting plugin AndroidMoviePlayer
LogPluginManager: Mounting plugin AndroidPermission
LogPluginManager: Mounting plugin AppleMoviePlayer
LogPluginManager: Mounting plugin ArchVisCharacter
LogPluginManager: Mounting plugin AudioCapture
LogPluginManager: Mounting plugin CableComponent
LogPluginManager: Mounting plugin CustomMeshComponent
LogPluginManager: Mounting plugin EditableMesh
LogPluginManager: Mounting plugin ExampleDeviceProfileSelector
LogPluginManager: Mounting plugin GoogleCloudMessaging
LogPluginManager: Mounting plugin ImmediatePhysics
LogPluginManager: Mounting plugin IOSDeviceProfileSelector
LogPluginManager: Mounting plugin LinuxDeviceProfileSelector
LogPluginManager: Mounting plugin LocationServicesBPLibrary
LogPluginManager: Mounting plugin MobilePatchingUtils
LogPluginManager: Mounting plugin PhysXVehicles
LogPluginManager: Mounting plugin ProceduralMeshComponent
LogPluginManager: Mounting plugin RuntimePhysXCooking
LogPluginManager: Mounting plugin WindowsMoviePlayer
LogPluginManager: Mounting plugin DatasmithCADImporter
LogPluginManager: Mounting plugin DatasmithFBXImporter
LogPluginManager: Mounting plugin DatasmithImporter
LogPluginManager: Mounting plugin DatasmithMDLImporter
LogPluginManager: Mounting plugin StaticMeshEditorExtension
LogStreaming: Display: Took  0.103s to configure plugins.
LogInit: Using libcurl 7.55.1-DEV
LogInit:  - built for x86_64-pc-win32
LogInit:  - supports SSL with OpenSSL/1.0.2h
LogInit:  - supports HTTP deflate (compression) using libz 1.2.8
LogInit:  - other features:
LogInit:      CURL_VERSION_SSL
LogInit:      CURL_VERSION_LIBZ
LogInit:      CURL_VERSION_IPV6
LogInit:      CURL_VERSION_ASYNCHDNS
LogInit:      CURL_VERSION_LARGEFILE
LogInit:      CURL_VERSION_IDN
LogInit:  CurlRequestOptions (configurable via config and command line):
LogInit:  - bVerifyPeer = false  - Libcurl will NOT verify peer certificate
LogInit:  - bUseHttpProxy = false  - Libcurl will NOT use HTTP proxy
LogInit:  - bDontReuseConnections = false  - Libcurl will reuse connections
LogInit:  - CertBundlePath = nullptr  - Libcurl will use whatever was configured at build time.
LogInit:  - MaxHostConnections = 16  - Libcurl will limit the number of connections to a host
LogInit:  - LocalHostAddr = Default
LogInit:  - BufferSize = 65536
LogInit: WinSock: version 1.1 (2.2), MaxSocks=32767, MaxUdp=65467
LogInit: Build: ++UE4+Release-4.20-CL-4369336
LogInit: Engine Version: 4.20.3-4369336+++UE4+Release-4.20
LogInit: Compatible Engine Version: 4.20.0-4212847+++UE4+Release-4.20
LogInit: Net CL: 4212847
LogInit: OS: Windows 10 (), CPU: Intel(R) Core(TM) i7-8750H CPU @ 2.20GHz, GPU: Intel(R) UHD Graphics 630
LogInit: Compiled (64-bit): Sep 17 2018 12:26:19
LogInit: Compiled with Visual C++: 19.13.26129.00
LogInit: Build Configuration: Development
LogInit: Branch Name: ++UE4+Release-4.20
LogInit: Command Line:  
LogInit: Base Directory: C:/Program Files/Epic Games/UE_4.20/Engine/Binaries/Win64/
LogInit: Installed Engine Build: 1
LogDevObjectVersion: Number of dev versions registered: 20
LogDevObjectVersion:   Dev-Blueprints (B0D832E4-1F89-4F0D-ACCF-7EB736FD4AA2): 10
LogDevObjectVersion:   Dev-Build (E1C64328-A22C-4D53-A36C-8E866417BD8C): 0
LogDevObjectVersion:   Dev-Core (375EC13C-06E4-48FB-B500-84F0262A717E): 2
LogDevObjectVersion:   Dev-Editor (E4B068ED-F494-42E9-A231-DA0B2E46BB41): 24
LogDevObjectVersion:   Dev-Framework (CFFC743F-43B0-4480-9391-14DF171D2073): 34
LogDevObjectVersion:   Dev-Mobile (B02B49B5-BB20-44E9-A304-32B752E40360): 2
LogDevObjectVersion:   Dev-Networking (A4E4105C-59A1-49B5-A7C5-40C4547EDFEE): 0
LogDevObjectVersion:   Dev-Online (39C831C9-5AE6-47DC-9A44-9C173E1C8E7C): 0
LogDevObjectVersion:   Dev-Physics (78F01B33-EBEA-4F98-B9B4-84EACCB95AA2): 0
LogDevObjectVersion:   Dev-Platform (6631380F-2D4D-43E0-8009-CF276956A95A): 0
LogDevObjectVersion:   Dev-Rendering (12F88B9F-8875-4AFC-A67C-D90C383ABD29): 26
LogDevObjectVersion:   Dev-Sequencer (7B5AE74C-D270-4C10-A958-57980B212A5A): 9
LogDevObjectVersion:   Dev-VR (D7296918-1DD6-4BDD-9DE2-64A83CC13884): 2
LogDevObjectVersion:   Dev-LoadTimes (C2A15278-BFE7-4AFE-6C17-90FF531DF755): 1
LogDevObjectVersion:   Private-Geometry (6EACA3D4-40EC-4CC1-B786-8BED09428FC5): 3
LogDevObjectVersion:   Dev-AnimPhys (29E575DD-E0A3-4627-9D10-D276232CDCEA): 17
LogDevObjectVersion:   Dev-ReflectionCapture (6B266CEC-1EC7-4B8F-A30B-E4D90942FC07): 1
LogDevObjectVersion:   Dev-Automation (0DF73D61-A23F-47EA-B727-89E90C41499A): 1
LogDevObjectVersion:   FortniteMain (601D1886-AC64-4F84-AA16-D3DE0DEAC7D6): 12
LogDevObjectVersion:   Dev-Enterprise (9DFFBCD6-494F-0158-E221-12823C92A888): 1
LogStreaming: Display: Took  0.000s to delete old logs.
LogInit: Presizing for max 8388607 objects, including 0 objects not considered by GC, pre-allocating 0 bytes for permanent pool.
LogInit: Object subsystem initialized
[2018.12.17-22.35.54:531][  0]LogInit: Selected Device Profile: [Windows]
[2018.12.17-22.35.54:531][  0]LogInit: Applying CVar settings loaded from the selected device profile: [Windows]
[2018.12.17-22.35.54:542][  0]LogHAL: Display: Platform has ~ 16 GB [17023631360 / 17179869184 / 16], which maps to Larger [LargestMinGB=32, LargerMinGB=12, DefaultMinGB=8, SmallerMinGB=6, SmallestMinGB=0)
[2018.12.17-22.35.54:542][  0]LogInit: Setting Device Profile CVar: [[r.Vulkan.UseRealUBs:1]]
[2018.12.17-22.35.54:542][  0]LogInit: Going up to parent DeviceProfile []
[2018.12.17-22.35.54:543][  0]LogInit: Computer: DESKTOP-CAR6IJL
[2018.12.17-22.35.54:543][  0]LogInit: User: fuzzyblackpanda
[2018.12.17-22.35.54:543][  0]LogInit: CPU Page size=4096, Cores=6
[2018.12.17-22.35.54:543][  0]LogInit: High frequency timer resolution =10.000000 MHz
[2018.12.17-22.35.54:543][  0]LogMemory: Memory total: Physical=15.9GB (16GB approx)
[2018.12.17-22.35.54:543][  0]LogMemory: Platform Memory Stats for Windows
[2018.12.17-22.35.54:543][  0]LogMemory: Process Physical Memory: 100.95 MB used, 100.95 MB peak
[2018.12.17-22.35.54:543][  0]LogMemory: Process Virtual Memory: 85.89 MB used, 85.89 MB peak
[2018.12.17-22.35.54:543][  0]LogMemory: Physical Memory: 8292.65 MB used,  7942.35 MB free, 16235.00 MB total
[2018.12.17-22.35.54:543][  0]LogMemory: Virtual Memory: 4650.92 MB used,  7942.35 MB free, 134217728.00 MB total
[2018.12.17-22.35.54:565][  0]LogInit: Using OS detected language (en-US).
[2018.12.17-22.35.54:565][  0]LogInit: Using OS detected locale (en-US).
[2018.12.17-22.35.54:566][  0]LogTextLocalizationManager: No specific localization for 'en-US' exists, so the 'en' localization will be used.
[2018.12.17-22.35.54:870][  0]LogStreaming: Display: Took  0.305s to InitEngineTextLocalization.
[2018.12.17-22.35.54:870][  0]LogInit: Setting process to per monitor DPI aware
[2018.12.17-22.35.54:901][  0]LogSlate: New Slate User Created.  User Index 0, Is Virtual User: 0
[2018.12.17-22.35.54:901][  0]LogSlate: Slate User Registered.  User Index 0, Is Virtual User: 0
[2018.12.17-22.35.55:086][  0]LogD3D11RHI: D3D11 adapters:
[2018.12.17-22.35.55:150][  0]LogD3D11RHI:    0. 'NVIDIA GeForce GTX 1060' (Feature Level 11_0)
[2018.12.17-22.35.55:150][  0]LogD3D11RHI:       6052/0/8117 MB DedicatedVideo/DedicatedSystem/SharedSystem, Outputs:1, VendorId:0x10de
[2018.12.17-22.35.55:166][  0]LogD3D11RHI:    1. 'Intel(R) UHD Graphics 630' (Feature Level 11_0)
[2018.12.17-22.35.55:166][  0]LogD3D11RHI:       128/0/8117 MB DedicatedVideo/DedicatedSystem/SharedSystem, Outputs:0, VendorId:0x8086
[2018.12.17-22.35.55:168][  0]LogD3D11RHI:    2. 'Microsoft Basic Render Driver' (Feature Level 11_0)
[2018.12.17-22.35.55:168][  0]LogD3D11RHI:       0/0/8117 MB DedicatedVideo/DedicatedSystem/SharedSystem, Outputs:0, VendorId:0x1414
[2018.12.17-22.35.55:168][  0]LogD3D11RHI: Chosen D3D11 Adapter: 0
[2018.12.17-22.35.55:194][  0]LogD3D11RHI: Creating new Direct3DDevice
[2018.12.17-22.35.55:194][  0]LogD3D11RHI:     GPU DeviceId: 0x1c20 (for the marketing name, search the web for "GPU Device Id")
[2018.12.17-22.35.55:194][  0]LogWindows: EnumDisplayDevices:
[2018.12.17-22.35.55:194][  0]LogWindows:    0. 'Intel(R) UHD Graphics 630' (P:1 D:1)
[2018.12.17-22.35.55:195][  0]LogWindows:    1. 'Intel(R) UHD Graphics 630' (P:0 D:0)
[2018.12.17-22.35.55:195][  0]LogWindows:    2. 'Intel(R) UHD Graphics 630' (P:0 D:0)
[2018.12.17-22.35.55:195][  0]LogWindows:    3. 'NVIDIA GeForce GTX 1060' (P:0 D:0)
[2018.12.17-22.35.55:195][  0]LogWindows:    4. 'NVIDIA GeForce GTX 1060' (P:0 D:0)
[2018.12.17-22.35.55:196][  0]LogWindows:    5. 'NVIDIA GeForce GTX 1060' (P:0 D:0)
[2018.12.17-22.35.55:196][  0]LogWindows:    6. 'NVIDIA GeForce GTX 1060' (P:0 D:0)
[2018.12.17-22.35.55:196][  0]LogWindows: DebugString: PrimaryIsNotTheChoosenAdapter PrimaryIsNotTheChoosenAdapter PrimaryIsNotTheChoosenAdapter FoundDriverCount:4 
[2018.12.17-22.35.55:196][  0]LogD3D11RHI:     Adapter Name: NVIDIA GeForce GTX 1060
[2018.12.17-22.35.55:196][  0]LogD3D11RHI:   Driver Version: 416.34 (internal:25.21.14.1634, unified:416.34)
[2018.12.17-22.35.55:196][  0]LogD3D11RHI:      Driver Date: 10-10-2018
[2018.12.17-22.35.55:196][  0]LogRHI: Texture pool is 4236 MB (70% of 6052 MB)
[2018.12.17-22.35.55:235][  0]LogD3D11RHI: Async texture creation enabled
[2018.12.17-22.35.55:264][  0]LogD3D11RHI: GPU Timing Frequency: 1000.000000 (Debug: 2 2)
[2018.12.17-22.35.55:265][  0]LogShaderCompilers: Guid format shader working directory is -19 characters bigger than the processId version (../../../../../../Users/fuzzyblackpanda/Documents/Unreal Projects/Paragone/Intermediate/Shaders/WorkingDirectory/25432/).
[2018.12.17-22.35.55:265][  0]LogShaderCompilers: Cleaned the shader compiler working directory 'C:/Users/fuzzyblackpanda/AppData/Local/Temp/UnrealShaderWorkingDir/34403EF64A99277465E87485A0B3247D/'.
[2018.12.17-22.35.55:487][  0]LogTemp: Display: Loaded TP AllDesktopTargetPlatform
[2018.12.17-22.35.55:499][  0]LogTemp: Display: Loaded TP MacClientTargetPlatform
[2018.12.17-22.35.55:511][  0]LogTemp: Display: Loaded TP MacNoEditorTargetPlatform
[2018.12.17-22.35.55:522][  0]LogTemp: Display: Loaded TP MacServerTargetPlatform
[2018.12.17-22.35.55:534][  0]LogTemp: Display: Loaded TP MacTargetPlatform
[2018.12.17-22.35.55:546][  0]LogTemp: Display: Loaded TP WindowsClientTargetPlatform
[2018.12.17-22.35.55:558][  0]LogTemp: Display: Loaded TP WindowsNoEditorTargetPlatform
[2018.12.17-22.35.55:569][  0]LogTemp: Display: Loaded TP WindowsServerTargetPlatform
[2018.12.17-22.35.55:575][  0]LogTemp: Display: Loaded TP WindowsTargetPlatform
[2018.12.17-22.35.55:641][  0]LogTemp: Display: Loaded TP AndroidTargetPlatform
[2018.12.17-22.35.55:641][  0]LogTemp: Display: Loaded TP AndroidTargetPlatform
[2018.12.17-22.35.55:641][  0]LogTemp: Display: Loaded TP AndroidTargetPlatform
[2018.12.17-22.35.55:641][  0]LogTemp: Display: Loaded TP AndroidTargetPlatform
[2018.12.17-22.35.55:641][  0]LogTemp: Display: Loaded TP AndroidTargetPlatform
[2018.12.17-22.35.55:641][  0]LogTemp: Display: Loaded TP AndroidTargetPlatform
[2018.12.17-22.35.55:641][  0]LogTemp: Display: Loaded TP AndroidTargetPlatform
[2018.12.17-22.35.55:641][  0]LogTemp: Display: Loaded TP AndroidTargetPlatform
[2018.12.17-22.35.55:641][  0]LogTemp: Display: Loaded TP AndroidTargetPlatform
[2018.12.17-22.35.55:641][  0]LogTemp: Display: Loaded TP AndroidTargetPlatform
[2018.12.17-22.35.55:641][  0]LogTemp: Display: Loaded TP AndroidTargetPlatform
[2018.12.17-22.35.55:641][  0]LogTemp: Display: Loaded TP AndroidTargetPlatform
[2018.12.17-22.35.55:641][  0]LogTemp: Display: Loaded TP AndroidTargetPlatform
[2018.12.17-22.35.55:641][  0]LogTemp: Display: Loaded TP AndroidTargetPlatform
[2018.12.17-22.35.55:641][  0]LogTemp: Display: Loaded TP AndroidTargetPlatform
[2018.12.17-22.35.55:641][  0]LogTemp: Display: Loaded TP AndroidTargetPlatform
[2018.12.17-22.35.55:641][  0]LogTemp: Display: Loaded TP AndroidTargetPlatform
[2018.12.17-22.35.55:641][  0]LogTemp: Display: Loaded TP AndroidTargetPlatform
[2018.12.17-22.35.55:642][  0]LogTemp: Display: Loaded TP HTML5TargetPlatform
[2018.12.17-22.35.55:698][  0]LogTemp: Display: Loaded TP IOSTargetPlatform
[2018.12.17-22.35.55:698][  0]LogTemp: Display: Loaded TP IOSTargetPlatform
[2018.12.17-22.35.55:717][  0]LogTemp: Display: Loaded TP TVOSTargetPlatform
[2018.12.17-22.35.55:717][  0]LogTemp: Display: Loaded TP TVOSTargetPlatform
[2018.12.17-22.35.55:728][  0]LogTemp: Display: Loaded TP LinuxClientTargetPlatform
[2018.12.17-22.35.55:738][  0]LogTemp: Display: Loaded TP LinuxNoEditorTargetPlatform
[2018.12.17-22.35.55:749][  0]LogTemp: Display: Loaded TP LinuxServerTargetPlatform
[2018.12.17-22.35.55:760][  0]LogTemp: Display: Loaded TP LinuxTargetPlatform
[2018.12.17-22.35.55:768][  0]LogTemp: Display: Loaded TP LuminTargetPlatform
[2018.12.17-22.35.55:768][  0]LogTargetPlatformManager: Display: Building Assets For Windows
[2018.12.17-22.35.55:831][  0]LogXGEController: Cleaning working directory: C:/Users/fuzzyblackpanda/AppData/Local/Temp/UnrealXGEWorkingDir/
[2018.12.17-22.35.55:831][  0]LogXGEController: Cannot use XGE Controller as Incredibuild is not installed on this machine.
[2018.12.17-22.35.55:831][  0]LogShaderCompilers: Cannot use XGE Shader Compiler as Incredibuild is not installed on this machine.
[2018.12.17-22.35.55:831][  0]LogShaderCompilers: Display: Using Local Shader Compiler.
[2018.12.17-22.35.56:448][  0]LogDerivedDataCache: Display: Max Cache Size: 512 MB
[2018.12.17-22.35.56:503][  0]LogDerivedDataCache: Loaded boot cache 0.05s 72MB C:/Users/fuzzyblackpanda/AppData/Local/UnrealEngine/4.20/DerivedDataCache/Boot.ddc.
[2018.12.17-22.35.56:503][  0]LogDerivedDataCache: Display: Loaded Boot cache: C:/Users/fuzzyblackpanda/AppData/Local/UnrealEngine/4.20/DerivedDataCache/Boot.ddc
[2018.12.17-22.35.56:503][  0]LogDerivedDataCache: FDerivedDataBackendGraph:  Pak pak cache file ../../../../../../Users/fuzzyblackpanda/Documents/Unreal Projects/Paragone/DerivedDataCache/DDC.ddp not found, will not use a pak cache.
[2018.12.17-22.35.56:503][  0]LogDerivedDataCache: Unable to find inner node Pak for hierarchical cache Hierarchy.
[2018.12.17-22.35.56:503][  0]LogDerivedDataCache: FDerivedDataBackendGraph:  CompressedPak pak cache file ../../../../../../Users/fuzzyblackpanda/Documents/Unreal Projects/Paragone/DerivedDataCache/Compressed.ddp not found, will not use a pak cache.
[2018.12.17-22.35.56:503][  0]LogDerivedDataCache: Unable to find inner node CompressedPak for hierarchical cache Hierarchy.
[2018.12.17-22.35.56:514][  0]LogDerivedDataCache: Display: Pak cache opened for reading ../../../Engine/DerivedDataCache/Compressed.ddp.
[2018.12.17-22.35.56:527][  0]LogDerivedDataCache: Using Local data cache path C:/Users/fuzzyblackpanda/AppData/Local/UnrealEngine/Common/DerivedDataCache: Writable
[2018.12.17-22.35.56:527][  0]LogDerivedDataCache: Shared data cache path not found in *engine.ini, will not use an Shared cache.
[2018.12.17-22.35.56:527][  0]LogDerivedDataCache: Unable to find inner node Shared for hierarchical cache Hierarchy.
[2018.12.17-22.35.56:546][  0]LogMaterial: Verifying Global Shaders for PCD3D_SM5
[2018.12.17-22.35.56:548][  0]LogSlate: Using FreeType 2.6.0
[2018.12.17-22.35.56:548][  0]LogSlate: SlateFontServices - WITH_FREETYPE: 1, WITH_HARFBUZZ: 1
[2018.12.17-22.35.56:622][  0]LogAssetRegistry: FAssetRegistry took 0.0268 seconds to start up
[2018.12.17-22.35.56:909][  0]LogInit: Selected Device Profile: [Windows]
[2018.12.17-22.35.57:027][  0]LogSimplygon: Simplygon DLL not present - disabling.
[2018.12.17-22.35.57:032][  0]LogMeshReduction: Using SimplygonSwarm for distributed automatic mesh merging
[2018.12.17-22.35.57:032][  0]LogMeshReduction: Using ProxyLODMeshReduction for automatic mesh merging
[2018.12.17-22.35.57:032][  0]LogMeshReduction: Using QuadricMeshReduction for automatic static mesh reduction
[2018.12.17-22.35.57:032][  0]LogMeshReduction: No automatic skeletal mesh reduction module available
[2018.12.17-22.35.57:047][  0]LogNetVersion: Paragone 1.0.0, NetCL: 4212847, EngineNetVer: 5, GameNetVer: 0 (Checksum: 4048395291)
[2018.12.17-22.35.57:503][  0]LogPackageLocalizationCache: Processed 11 localized package path(s) for 2 prioritized culture(s) in 0.094541 seconds
[2018.12.17-22.35.57:509][  0]LogUObjectArray: 37967 objects as part of root set at end of initial load.
[2018.12.17-22.35.57:509][  0]LogUObjectAllocator: 6605920 out of 0 bytes used by permanent object pool.
[2018.12.17-22.35.57:509][  0]LogUObjectArray: CloseDisregardForGC: 0/0 objects in disregard for GC pool
[2018.12.17-22.35.58:267][  0]LogTcpMessaging: Initializing TcpMessaging bridge
[2018.12.17-22.35.58:281][  0]LogUdpMessaging: Initializing bridge on interface 0.0.0.0:0 to multicast group 230.0.0.1:6666.
[2018.12.17-22.35.58:392][  0]SourceControl: Source control is disabled
[2018.12.17-22.35.58:393][  0]SourceControl: Source control is disabled
[2018.12.17-22.35.58:394][  0]SourceControl: Source control is disabled
[2018.12.17-22.35.58:395][  0]SourceControl: Source control is disabled
[2018.12.17-22.35.58:554][  0]LogAndroidPermission: UAndroidPermissionCallbackProxy::GetInstance
[2018.12.17-22.36.00:208][  0]LogEngine: Initializing Engine...
[2018.12.17-22.36.00:210][  0]LogStats: UGameplayTagsManager::ConstructGameplayTagTree: ImportINI prefixes -  0.000 s
[2018.12.17-22.36.00:210][  0]LogStats: UGameplayTagsManager::ConstructGameplayTagTree: Construct from data asset -  0.000 s
[2018.12.17-22.36.00:210][  0]LogStats: UGameplayTagsManager::ConstructGameplayTagTree: ImportINI -  0.000 s
[2018.12.17-22.36.00:210][  0]LogStats: UGameplayTagsManager::ConstructGameplayTagTree: GameplayTagTreeChangedEvent.Broadcast -  0.000 s
[2018.12.17-22.36.00:397][  0]LogInit: Initializing FReadOnlyCVARCache
[2018.12.17-22.36.00:412][  0]LogAIModule: Creating AISystem for world Untitled
[2018.12.17-22.36.00:477][  0]LogInit: XAudio2 using 'Speakers (Realtek High Definition Audio)' : 2 channels at 48 kHz using 32 bits per sample (channel mask 0x3)
[2018.12.17-22.36.00:527][  0]LogInit: FAudioDevice initialized.
[2018.12.17-22.36.00:527][  0]LogNetVersion: Set ProjectVersion to 1.0.0.0. Version Checksum will be recalculated on next use.
[2018.12.17-22.36.00:735][  0]LogDerivedDataCache: Saved boot cache 0.21s 72MB C:/Users/fuzzyblackpanda/AppData/Local/UnrealEngine/4.20/DerivedDataCache/Boot.ddc.
[2018.12.17-22.36.00:743][  0]LogInit: Texture streaming: Enabled
[2018.12.17-22.36.00:766][  0]LogEngineSessionManager: EngineSessionManager initialized
[2018.12.17-22.36.00:787][  0]LogInit: Transaction tracking system initialized
[2018.12.17-22.36.00:824][  0]BlueprintLog: New page: Editor Load
[2018.12.17-22.36.00:919][  0]LocalizationService: Localization service is disabled
[2018.12.17-22.36.01:191][  0]LogCook: Display: Max memory allowance for cook 16384mb min free memory 0mb
[2018.12.17-22.36.01:191][  0]LogCook: Display: Mobile HDR setting 1
[2018.12.17-22.36.01:191][  0]LogGameplayTags: Display: UGameplayTagsManager::DoneAddingNativeTags. DelegateIsBound: 0
[2018.12.17-22.36.01:191][  0]LogStats: UGameplayTagsManager::ConstructGameplayTagTree: ImportINI prefixes -  0.000 s
[2018.12.17-22.36.01:191][  0]LogStats: UGameplayTagsManager::ConstructGameplayTagTree: Construct from data asset -  0.000 s
[2018.12.17-22.36.01:191][  0]LogStats: UGameplayTagsManager::ConstructGameplayTagTree: ImportINI -  0.000 s
[2018.12.17-22.36.01:191][  0]LogStats: UGameplayTagsManager::ConstructGameplayTagTree: GameplayTagTreeChangedEvent.Broadcast -  0.000 s
[2018.12.17-22.36.01:310][  0]LogFileCache: Scanning file cache for directory 'C:/Users/fuzzyblackpanda/Documents/Unreal Projects/Paragone/Content/' took 0.02s
[2018.12.17-22.36.02:321][  0]SourceControl: Source control is disabled
[2018.12.17-22.36.02:321][  0]Cmd: MAP LOAD FILE="../../../../../../Users/fuzzyblackpanda/Documents/Unreal Projects/Paragone/Content/ThirdPersonBP/Maps/ThirdPersonExampleMap.umap" TEMPLATE=0 SHOWPROGRESS=1 FEATURELEVEL=3
[2018.12.17-22.36.02:322][  0]LightingResults: New page: Lighting Build
[2018.12.17-22.36.02:325][  0]MapCheck: New page: Map Check
[2018.12.17-22.36.02:325][  0]LightingResults: New page: Lighting Build
[2018.12.17-22.36.02:711][  0]LogAIModule: Creating AISystem for world ThirdPersonExampleMap
[2018.12.17-22.36.02:719][  0]LogEditorServer: Finished looking for orphan Actors (0.000 secs)
[2018.12.17-22.36.02:744][  0]Cmd: MAP CHECKDEP NOCLEARLOG
[2018.12.17-22.36.02:816][  0]MapCheck: Map check complete: 0 Error(s), 0 Warning(s), took 71.723ms to complete.
[2018.12.17-22.36.02:816][  0]LogFileHelpers: Loading map 'ThirdPersonExampleMap' took 0.495
[2018.12.17-22.36.02:918][  0]LogSlate: Updating window title bar state: overlay mode, drag disabled, window buttons hidden, title bar hidden
[2018.12.17-22.36.02:925][  0]LogSlate: Updating window title bar state: overlay mode, drag disabled, window buttons hidden, title bar hidden
[2018.12.17-22.36.02:932][  0]LogSlate: Updating window title bar state: overlay mode, drag disabled, window buttons hidden, title bar hidden
[2018.12.17-22.36.02:939][  0]LogSlate: Updating window title bar state: overlay mode, drag disabled, window buttons hidden, title bar hidden
[2018.12.17-22.36.02:946][  0]LogCollectionManager: Loaded 0 collections in 0.002492 seconds
[2018.12.17-22.36.02:988][  0]LogFileCache: Scanning file cache for directory 'C:/Users/fuzzyblackpanda/Documents/Unreal Projects/Paragone/Saved/Collections/' took 0.01s
[2018.12.17-22.36.02:988][  0]LogFileCache: Scanning file cache for directory 'C:/Users/fuzzyblackpanda/Documents/Unreal Projects/Paragone/Content/Developers/fuzzyblackpanda/Collections/' took 0.01s
[2018.12.17-22.36.02:988][  0]LogFileCache: Scanning file cache for directory 'C:/Users/fuzzyblackpanda/Documents/Unreal Projects/Paragone/Content/Collections/' took 0.01s
[2018.12.17-22.36.02:988][  0]LogCollectionManager: Rebuilt the GUID cache for 0 collections in 0.000001 seconds
[2018.12.17-22.36.02:996][  0]LogContentBrowser: Native class hierarchy populated in 0.0082 seconds. Added 2614 classes and 620 folders.
[2018.12.17-22.36.03:003][  0]LogContentBrowser: Native class hierarchy updated for 'WidgetCarousel' in 0.0002 seconds. Added 0 classes and 0 folders.
[2018.12.17-22.36.03:056][  0]LogContentBrowser: Native class hierarchy updated for 'AddContentDialog' in 0.0002 seconds. Added 0 classes and 0 folders.
[2018.12.17-22.36.03:066][  0]LogContentBrowser: Native class hierarchy updated for 'SceneOutliner' in 0.0003 seconds. Added 1 classes and 2 folders.
[2018.12.17-22.36.03:109][  0]LogContentBrowser: Native class hierarchy updated for 'HierarchicalLODOutliner' in 0.0002 seconds. Added 0 classes and 0 folders.
[2018.12.17-22.36.03:109][  0]LogLoad: (Engine Initialization) Total time: 10.75 seconds
[2018.12.17-22.36.03:109][  0]LogLoad: (Engine Initialization) Total Blueprint compile time: 0.00 seconds
[2018.12.17-22.36.03:144][  0]LogContentStreaming: Texture pool size now 800 MB
[2018.12.17-22.36.03:146][  0]LogSlate: Took 0.000640 seconds to synchronously load lazily loaded font '../../../Engine/Content/Slate/Fonts/Roboto-Regular.ttf' (155K)
[2018.12.17-22.36.03:150][  0]LogSlate: Took 0.000184 seconds to synchronously load lazily loaded font '../../../Engine/Content/Slate/Fonts/Roboto-Bold.ttf' (160K)
[2018.12.17-22.36.03:152][  0]LogSlate: Took 0.000204 seconds to synchronously load lazily loaded font '../../../Engine/Content/Editor/Slate/Fonts/FontAwesome.ttf' (139K)
[2018.12.17-22.36.03:217][  0]LogSlate: Took 0.000201 seconds to synchronously load lazily loaded font '../../../Engine/Content/Slate/Fonts/Roboto-Light.ttf' (167K)
[2018.12.17-22.36.03:244][  1]LogRenderer: Reallocating scene render targets to support 640x572 Format 9 NumSamples 1 (Frame:1).
[2018.12.17-22.36.03:261][  1]LogAssetRegistry: Asset discovery search completed in 6.6630 seconds
[2018.12.17-22.36.03:266][  1]LogCollectionManager: Rebuilt the object cache for 0 collections in 0.000001 seconds (found 0 objects)
[2018.12.17-22.36.03:266][  1]LogCollectionManager: Fixed up redirectors for 0 collections in 0.000073 seconds (updated 0 objects)
[2018.12.17-22.36.17:713][120]LogRenderer: Reallocating scene render targets to support 768x728 Format 9 NumSamples 1 (Frame:1120).
[2018.12.17-22.36.19:990][342]LogSlate: FSceneViewport::OnFocusLost() reason 0
[2018.12.17-22.37.35:520][ 34]LogSlate: Prevented a slow task dialog from being summoned while a context menu was open
[2018.12.17-22.37.51:967][ 34]LogSlate: Window 'Delete Assets' being destroyed
[2018.12.17-22.38.00:891][ 39]LogSlate: Prevented a slow task dialog from being summoned while a context menu was open
[2018.12.17-22.38.04:112][ 39]LogAIModule: Creating AISystem for world Advanced_Lighting
[2018.12.17-22.38.04:458][ 39]LogAIModule: Creating AISystem for world Minimal_Default
[2018.12.17-22.38.05:729][ 39]LogAIModule: Creating AISystem for world StarterMap
[2018.12.17-22.39.13:064][ 39]LogSlate: Window 'Delete Assets' being destroyed
[2018.12.17-22.39.13:077][ 39]LogSlate: Took 0.000279 seconds to synchronously load lazily loaded font '../../../Engine/Content/Slate/Fonts/Roboto-Light.ttf' (167K)
[2018.12.17-22.39.26:381][488]LogSlate: Window 'New Level' being destroyed
[2018.12.17-22.39.26:389][488]Cmd: MAP LOAD FILE="../../../Engine/Content/Maps/Templates/Template_Default.umap" TEMPLATE=1 SHOWPROGRESS=1 FEATURELEVEL=3
[2018.12.17-22.39.26:408][488]LightingResults: New page: Lighting Build
[2018.12.17-22.39.26:409][488]LoadErrors: New page: Loading map: Template_Default.umap
[2018.12.17-22.39.26:410][488]MapCheck: New page: Map Check
[2018.12.17-22.39.26:410][488]LightingResults: New page: Lighting Build
[2018.12.17-22.39.26:456][488]LogAIModule: Creating AISystem for world Untitled_1
[2018.12.17-22.39.26:464][488]LogEditorServer: Finished looking for orphan Actors (0.000 secs)
[2018.12.17-22.39.26:495][488]Cmd: MAP CHECKDEP NOCLEARLOG
[2018.12.17-22.39.26:576][488]MapCheck: Map check complete: 0 Error(s), 0 Warning(s), took 80.639ms to complete.
[2018.12.17-22.39.26:576][488]LogFileHelpers: Loading map 'Template_Default' took 0.188
[2018.12.17-22.39.42:651][386]LogWindows: LaunchURL http://docs.unrealengine.com/latest/INT/Engine/UI/LevelEditor/Viewports/ViewportControls/index.html
[2018.12.17-22.40.41:961][524]LogAssetEditorManager: Opening Asset editor for StaticMesh /Game/ThirdPerson/Meshes/LeftArm_StaticMesh.LeftArm_StaticMesh
[2018.12.17-22.40.44:217][524]LogRenderer: Reallocating scene render targets to support 952x728 Format 9 NumSamples 1 (Frame:1).
[2018.12.17-22.40.44:217][524]LogSlate: Took 0.072586 seconds to synchronously load lazily loaded font '../../../Engine/Content/Slate/Fonts/Roboto-Italic.ttf' (157K)
[2018.12.17-22.40.48:012][964]LogSlate: FSceneViewport::OnFocusLost() reason 0
[2018.12.17-22.40.56:024][674]LogSlate: Window 'Delete Assets' being destroyed
[2018.12.17-22.41.00:722][674]LogStaticMesh: Building static mesh Bump_StaticMesh...
[2018.12.17-22.41.00:726][674]LogStaticMesh: Built static mesh [0.04s] /Game/ThirdPerson/Meshes/Bump_StaticMesh.Bump_StaticMesh
[2018.12.17-22.41.00:796][674]LogStaticMesh: Building static mesh LeftArm_StaticMesh...
[2018.12.17-22.41.00:798][674]LogStaticMesh: Built static mesh [0.04s] /Game/ThirdPerson/Meshes/LeftArm_StaticMesh.LeftArm_StaticMesh
[2018.12.17-22.41.00:830][674]LogStaticMesh: Building static mesh Linear_Stair_StaticMesh...
[2018.12.17-22.41.00:833][674]LogStaticMesh: Built static mesh [0.02s] /Game/ThirdPerson/Meshes/Linear_Stair_StaticMesh.Linear_Stair_StaticMesh
[2018.12.17-22.41.00:867][674]LogStaticMesh: Building static mesh Ramp_StaticMesh...
[2018.12.17-22.41.00:869][674]LogStaticMesh: Built static mesh [0.02s] /Game/ThirdPerson/Meshes/Ramp_StaticMesh.Ramp_StaticMesh
[2018.12.17-22.41.00:948][674]LogStaticMesh: Building static mesh RightArm_StaticMesh...
[2018.12.17-22.41.00:951][674]LogStaticMesh: Built static mesh [0.02s] /Game/ThirdPerson/Meshes/RightArm_StaticMesh.RightArm_StaticMesh
[2018.12.17-22.41.46:606][925]LogSlate: Window 'Save Level As' being destroyed
[2018.12.17-22.41.46:798][925]LogSavePackage: Moving '../../../../../../Users/fuzzyblackpanda/Documents/Unreal Projects/Paragone/Saved/Character_TestsA1FD907E4FAB2D2C7DEC23B132F6D7B6.tmp' to '../../../../../../Users/fuzzyblackpanda/Documents/Unreal Projects/Paragone/Content/ThirdPersonBP/Maps/Character_Tests.umap'
[2018.12.17-22.41.46:925][925]LogSavePackage: Moving '../../../../../../Users/fuzzyblackpanda/Documents/Unreal Projects/Paragone/Saved/Character_Tests_BuiltData8106C9CC48AA0C8A5336A285C347EBAD.tmp' to '../../../../../../Users/fuzzyblackpanda/Documents/Unreal Projects/Paragone/Content/ThirdPersonBP/Maps/Character_Tests_BuiltData.uasset'
[2018.12.17-22.41.46:939][925]LogFileHelpers: Saving map 'Character_Tests' took 0.323
[2018.12.17-22.41.46:939][925]Cmd: MAP LOAD FILE="../../../../../../Users/fuzzyblackpanda/Documents/Unreal Projects/Paragone/Content/ThirdPersonBP/Maps/Character_Tests.umap" TEMPLATE=0 SHOWPROGRESS=1 FEATURELEVEL=3
[2018.12.17-22.41.46:959][925]LightingResults: New page: Lighting Build
[2018.12.17-22.41.46:960][925]LoadErrors: New page: Loading map: Character_Tests.umap
[2018.12.17-22.41.46:960][925]MapCheck: New page: Map Check
[2018.12.17-22.41.46:960][925]LightingResults: New page: Lighting Build
[2018.12.17-22.41.47:028][925]LogAIModule: Creating AISystem for world Character_Tests
[2018.12.17-22.41.47:034][925]LogEditorServer: Finished looking for orphan Actors (0.000 secs)
[2018.12.17-22.41.47:084][925]Cmd: MAP CHECKDEP NOCLEARLOG
[2018.12.17-22.41.47:161][925]MapCheck: Map check complete: 0 Error(s), 0 Warning(s), took 77.401ms to complete.
[2018.12.17-22.41.47:161][925]LogFileHelpers: Loading map 'Character_Tests' took 0.222
[2018.12.17-22.41.49:446][186]LogAssetEditorManager: Opening Asset editor for World /Game/ThirdPersonBP/Maps/Character_Tests.Character_Tests
[2018.12.17-22.41.49:469][186]Cmd: MAP LOAD FILE="../../../../../../Users/fuzzyblackpanda/Documents/Unreal Projects/Paragone/Content/ThirdPersonBP/Maps/Character_Tests.umap" TEMPLATE=0 SHOWPROGRESS=1 FEATURELEVEL=3
[2018.12.17-22.41.49:469][186]LightingResults: New page: Lighting Build
[2018.12.17-22.41.49:470][186]LoadErrors: New page: Loading map: Character_Tests.umap
[2018.12.17-22.41.49:470][186]MapCheck: New page: Map Check
[2018.12.17-22.41.49:470][186]LightingResults: New page: Lighting Build
[2018.12.17-22.41.49:505][186]LogAIModule: Creating AISystem for world Character_Tests
[2018.12.17-22.41.49:506][186]LogEditorServer: Finished looking for orphan Actors (0.000 secs)
[2018.12.17-22.41.49:551][186]Cmd: MAP CHECKDEP NOCLEARLOG
[2018.12.17-22.41.49:631][186]MapCheck: Map check complete: 0 Error(s), 0 Warning(s), took 80.247ms to complete.
[2018.12.17-22.41.49:633][186]LogFileHelpers: Loading map 'Character_Tests' took 0.164
[2018.12.17-22.41.51:305][365]LogLinker: Warning: Can't find file '/Game/ThirdPerson/Meshes/Bump_StaticMesh'
[2018.12.17-22.41.51:306][365]LogLinker: Warning: Can't find file for asset '/Game/ThirdPerson/Meshes/Bump_StaticMesh' while loading ../../../../../../Users/fuzzyblackpanda/Documents/Unreal Projects/Paragone/Content/ThirdPersonBP/Maps/ThirdPersonExampleMap.umap.
[2018.12.17-22.41.51:306][365]LoadErrors: Error: /Game/ThirdPersonBP/Maps/ThirdPersonExampleMap : Can't find file for asset. /Game/ThirdPerson/Meshes/Bump_StaticMesh
[2018.12.17-22.41.51:306][365]LogLinker: Warning: Can't find file '/Game/ThirdPerson/Meshes/LeftArm_StaticMesh'
[2018.12.17-22.41.51:306][365]LogLinker: Warning: Can't find file for asset '/Game/ThirdPerson/Meshes/LeftArm_StaticMesh' while loading ../../../../../../Users/fuzzyblackpanda/Documents/Unreal Projects/Paragone/Content/ThirdPersonBP/Maps/ThirdPersonExampleMap.umap.
[2018.12.17-22.41.51:306][365]LoadErrors: Error: /Game/ThirdPersonBP/Maps/ThirdPersonExampleMap : Can't find file for asset. /Game/ThirdPerson/Meshes/LeftArm_StaticMesh
[2018.12.17-22.41.51:306][365]LogLinker: Warning: Can't find file '/Game/ThirdPerson/Meshes/Linear_Stair_StaticMesh'
[2018.12.17-22.41.51:306][365]LogLinker: Warning: Can't find file for asset '/Game/ThirdPerson/Meshes/Linear_Stair_StaticMesh' while loading ../../../../../../Users/fuzzyblackpanda/Documents/Unreal Projects/Paragone/Content/ThirdPersonBP/Maps/ThirdPersonExampleMap.umap.
[2018.12.17-22.41.51:306][365]LoadErrors: Error: /Game/ThirdPersonBP/Maps/ThirdPersonExampleMap : Can't find file for asset. /Game/ThirdPerson/Meshes/Linear_Stair_StaticMesh
[2018.12.17-22.41.51:306][365]LogLinker: Warning: Can't find file '/Game/ThirdPerson/Meshes/Ramp_StaticMesh'
[2018.12.17-22.41.51:307][365]LogLinker: Warning: Can't find file for asset '/Game/ThirdPerson/Meshes/Ramp_StaticMesh' while loading ../../../../../../Users/fuzzyblackpanda/Documents/Unreal Projects/Paragone/Content/ThirdPersonBP/Maps/ThirdPersonExampleMap.umap.
[2018.12.17-22.41.51:307][365]LoadErrors: Error: /Game/ThirdPersonBP/Maps/ThirdPersonExampleMap : Can't find file for asset. /Game/ThirdPerson/Meshes/Ramp_StaticMesh
[2018.12.17-22.41.51:307][365]LogLinker: Warning: Can't find file '/Game/ThirdPerson/Meshes/RightArm_StaticMesh'
[2018.12.17-22.41.51:307][365]LogLinker: Warning: Can't find file for asset '/Game/ThirdPerson/Meshes/RightArm_StaticMesh' while loading ../../../../../../Users/fuzzyblackpanda/Documents/Unreal Projects/Paragone/Content/ThirdPersonBP/Maps/ThirdPersonExampleMap.umap.
[2018.12.17-22.41.51:307][365]LoadErrors: Error: /Game/ThirdPersonBP/Maps/ThirdPersonExampleMap : Can't find file for asset. /Game/ThirdPerson/Meshes/RightArm_StaticMesh
[2018.12.17-22.41.51:308][365]LogLinker: Warning: Can't find file '/Game/ThirdPerson/Meshes/Bump_StaticMesh'
[2018.12.17-22.41.51:308][365]LogLinker: Warning: Can't find file for asset '/Game/ThirdPerson/Meshes/Bump_StaticMesh' while loading ../../../../../../Users/fuzzyblackpanda/Documents/Unreal Projects/Paragone/Content/ThirdPersonBP/Maps/ThirdPersonExampleMap.umap.
[2018.12.17-22.41.51:308][365]LogLinker: Warning: Can't find file '/Game/ThirdPerson/Meshes/LeftArm_StaticMesh'
[2018.12.17-22.41.51:309][365]LogLinker: Warning: Can't find file for asset '/Game/ThirdPerson/Meshes/LeftArm_StaticMesh' while loading ../../../../../../Users/fuzzyblackpanda/Documents/Unreal Projects/Paragone/Content/ThirdPersonBP/Maps/ThirdPersonExampleMap.umap.
[2018.12.17-22.41.51:309][365]LogLinker: Warning: Can't find file '/Game/ThirdPerson/Meshes/Linear_Stair_StaticMesh'
[2018.12.17-22.41.51:309][365]LogLinker: Warning: Can't find file for asset '/Game/ThirdPerson/Meshes/Linear_Stair_StaticMesh' while loading ../../../../../../Users/fuzzyblackpanda/Documents/Unreal Projects/Paragone/Content/ThirdPersonBP/Maps/ThirdPersonExampleMap.umap.
[2018.12.17-22.41.51:309][365]LogLinker: Warning: Can't find file '/Game/ThirdPerson/Meshes/Ramp_StaticMesh'
[2018.12.17-22.41.51:309][365]LogLinker: Warning: Can't find file for asset '/Game/ThirdPerson/Meshes/Ramp_StaticMesh' while loading ../../../../../../Users/fuzzyblackpanda/Documents/Unreal Projects/Paragone/Content/ThirdPersonBP/Maps/ThirdPersonExampleMap.umap.
[2018.12.17-22.41.51:309][365]LogLinker: Warning: Can't find file '/Game/ThirdPerson/Meshes/RightArm_StaticMesh'
[2018.12.17-22.41.51:309][365]LogLinker: Warning: Can't find file for asset '/Game/ThirdPerson/Meshes/RightArm_StaticMesh' while loading ../../../../../../Users/fuzzyblackpanda/Documents/Unreal Projects/Paragone/Content/ThirdPersonBP/Maps/ThirdPersonExampleMap.umap.
[2018.12.17-22.41.51:310][365]LogLinker: Warning: Can't find file '/Game/ThirdPerson/Meshes/Bump_StaticMesh'
[2018.12.17-22.41.51:310][365]LogLinker: Warning: Can't find file for asset '/Game/ThirdPerson/Meshes/Bump_StaticMesh' while loading NULL.
[2018.12.17-22.41.51:310][365]LogLinker: Warning: Can't find file '/Game/ThirdPerson/Meshes/LeftArm_StaticMesh'
[2018.12.17-22.41.51:311][365]LogLinker: Warning: Can't find file for asset '/Game/ThirdPerson/Meshes/LeftArm_StaticMesh' while loading NULL.
[2018.12.17-22.41.51:311][365]LogLinker: Warning: Can't find file '/Game/ThirdPerson/Meshes/Linear_Stair_StaticMesh'
[2018.12.17-22.41.51:311][365]LogLinker: Warning: Can't find file for asset '/Game/ThirdPerson/Meshes/Linear_Stair_StaticMesh' while loading NULL.
[2018.12.17-22.41.51:311][365]LogLinker: Warning: Can't find file '/Game/ThirdPerson/Meshes/Ramp_StaticMesh'
[2018.12.17-22.41.51:311][365]LogLinker: Warning: Can't find file for asset '/Game/ThirdPerson/Meshes/Ramp_StaticMesh' while loading NULL.
[2018.12.17-22.41.51:311][365]LogLinker: Warning: Can't find file '/Game/ThirdPerson/Meshes/RightArm_StaticMesh'
[2018.12.17-22.41.51:311][365]LogLinker: Warning: Can't find file for asset '/Game/ThirdPerson/Meshes/RightArm_StaticMesh' while loading NULL.
[2018.12.17-22.41.51:311][365]LogLinker: Warning: Can't find file '/Game/ThirdPerson/Meshes/Bump_StaticMesh'
[2018.12.17-22.41.51:311][365]LogLinker: Warning: Can't find file for asset '/Game/ThirdPerson/Meshes/Bump_StaticMesh' while loading NULL.
[2018.12.17-22.41.51:312][365]LogLinker: Warning: Can't find file '/Game/ThirdPerson/Meshes/LeftArm_StaticMesh'
[2018.12.17-22.41.51:312][365]LogLinker: Warning: Can't find file for asset '/Game/ThirdPerson/Meshes/LeftArm_StaticMesh' while loading NULL.
[2018.12.17-22.41.51:312][365]LogLinker: Warning: Can't find file '/Game/ThirdPerson/Meshes/Linear_Stair_StaticMesh'
[2018.12.17-22.41.51:312][365]LogLinker: Warning: Can't find file for asset '/Game/ThirdPerson/Meshes/Linear_Stair_StaticMesh' while loading NULL.
[2018.12.17-22.41.51:312][365]LogLinker: Warning: Can't find file '/Game/ThirdPerson/Meshes/Ramp_StaticMesh'
[2018.12.17-22.41.51:312][365]LogLinker: Warning: Can't find file for asset '/Game/ThirdPerson/Meshes/Ramp_StaticMesh' while loading NULL.
[2018.12.17-22.41.51:312][365]LogLinker: Warning: Can't find file '/Game/ThirdPerson/Meshes/RightArm_StaticMesh'
[2018.12.17-22.41.51:312][365]LogLinker: Warning: Can't find file for asset '/Game/ThirdPerson/Meshes/RightArm_StaticMesh' while loading NULL.
[2018.12.17-22.41.51:320][365]LogLinker: Warning: Can't find file '/Game/ThirdPerson/Meshes/Bump_StaticMesh'
[2018.12.17-22.41.51:320][365]LoadErrors: Failed to load /Game/ThirdPerson/Meshes/Bump_StaticMesh.Bump_StaticMesh Referenced by Bump_StaticMesh
[2018.12.17-22.41.51:320][365]LogLinker: Warning: Can't find file for asset '/Game/ThirdPerson/Meshes/Bump_StaticMesh' while loading NULL.
[2018.12.17-22.41.51:320][365]LogLinker: Warning: Can't find file '/Game/ThirdPerson/Meshes/LeftArm_StaticMesh'
[2018.12.17-22.41.51:320][365]LoadErrors: Failed to load /Game/ThirdPerson/Meshes/LeftArm_StaticMesh.LeftArm_StaticMesh Referenced by LeftArm_StaticMesh
[2018.12.17-22.41.51:320][365]LogLinker: Warning: Can't find file for asset '/Game/ThirdPerson/Meshes/LeftArm_StaticMesh' while loading NULL.
[2018.12.17-22.41.51:321][365]LogLinker: Warning: Can't find file '/Game/ThirdPerson/Meshes/Linear_Stair_StaticMesh'
[2018.12.17-22.41.51:321][365]LoadErrors: Failed to load /Game/ThirdPerson/Meshes/Linear_Stair_StaticMesh.Linear_Stair_StaticMesh Referenced by Linear_Stair_StaticMesh
[2018.12.17-22.41.51:321][365]LogLinker: Warning: Can't find file for asset '/Game/ThirdPerson/Meshes/Linear_Stair_StaticMesh' while loading NULL.
[2018.12.17-22.41.51:321][365]LogLinker: Warning: Can't find file '/Game/ThirdPerson/Meshes/Ramp_StaticMesh'
[2018.12.17-22.41.51:321][365]LoadErrors: Failed to load /Game/ThirdPerson/Meshes/Ramp_StaticMesh.Ramp_StaticMesh Referenced by Ramp_StaticMesh
[2018.12.17-22.41.51:321][365]LogLinker: Warning: Can't find file for asset '/Game/ThirdPerson/Meshes/Ramp_StaticMesh' while loading NULL.
[2018.12.17-22.41.51:321][365]LogLinker: Warning: Can't find file '/Game/ThirdPerson/Meshes/RightArm_StaticMesh'
[2018.12.17-22.41.51:321][365]LoadErrors: Failed to load /Game/ThirdPerson/Meshes/RightArm_StaticMesh.RightArm_StaticMesh Referenced by RightArm_StaticMesh
[2018.12.17-22.41.51:322][365]LogLinker: Warning: Can't find file for asset '/Game/ThirdPerson/Meshes/RightArm_StaticMesh' while loading NULL.
[2018.12.17-22.41.51:334][365]LogAIModule: Creating AISystem for world ThirdPersonExampleMap
[2018.12.17-22.41.53:899][497]LogSlate: Window 'Delete Assets' being destroyed
[2018.12.17-22.42.00:128][161]LogSlate: Window 'Paragone - Unreal Editor' being destroyed
[2018.12.17-22.42.00:129][161]LogWindowsTextInputMethodSystem: Display: IME system now deactivated.
[2018.12.17-22.42.00:331][162]Cmd: QUIT_EDITOR
[2018.12.17-22.42.00:361][162]LogExit: Preparing to exit.
[2018.12.17-22.42.00:490][162]LogExit: Editor shut down
[2018.12.17-22.42.00:490][162]LogExit: Transaction tracking system shut down
[2018.12.17-22.42.00:932][162]LogExit: Object subsystem successfully closed.
[2018.12.17-22.42.00:963][162]LogShaderCompilers: Display: Shaders left to compile 0
[2018.12.17-22.42.00:967][162]LogD3D11RHI: Shutdown
[2018.12.17-22.42.00:967][162]LogD3D11RHI: CleanupD3DDevice
[2018.12.17-22.42.00:970][162]LogD3D11RHI: ~FD3D11DynamicRHI
[2018.12.17-22.42.00:989][162]LogModuleManager: Shutting down and abandoning module MeshBuilder (624)
[2018.12.17-22.42.00:989][162]LogModuleManager: Shutting down and abandoning module HierarchicalLODUtilities (622)
[2018.12.17-22.42.00:989][162]LogModuleManager: Shutting down and abandoning module NewLevelDialog (620)
[2018.12.17-22.42.00:989][162]LogModuleManager: Shutting down and abandoning module HierarchicalLODOutliner (618)
[2018.12.17-22.42.00:989][162]LogModuleManager: Shutting down and abandoning module SceneOutliner (616)
[2018.12.17-22.42.00:989][162]LogModuleManager: Shutting down and abandoning module AddContentDialog (614)
[2018.12.17-22.42.00:995][162]LogModuleManager: Shutting down and abandoning module WidgetCarousel (613)
[2018.12.17-22.42.00:995][162]LogModuleManager: Shutting down and abandoning module EditorWidgets (610)
[2018.12.17-22.42.00:995][162]LogModuleManager: Shutting down and abandoning module CollectionManager (608)
[2018.12.17-22.42.00:995][162]LogModuleManager: Shutting down and abandoning module StatsViewer (606)
[2018.12.17-22.42.00:995][162]LogModuleManager: Shutting down and abandoning module FoliageEdit (604)
[2018.12.17-22.42.00:995][162]LogModuleManager: Shutting down and abandoning module LandscapeEditor (602)
[2018.12.17-22.42.00:995][162]LogModuleManager: Shutting down and abandoning module MeshPaintMode (600)
[2018.12.17-22.42.00:995][162]LogModuleManager: Shutting down and abandoning module SceneDepthPickerMode (598)
[2018.12.17-22.42.00:995][162]LogModuleManager: Shutting down and abandoning module ActorPickerMode (596)
[2018.12.17-22.42.00:995][162]LogModuleManager: Shutting down and abandoning module GeometryMode (594)
[2018.12.17-22.42.00:995][162]LogModuleManager: Shutting down and abandoning module TextureAlignMode (592)
[2018.12.17-22.42.00:995][162]LogModuleManager: Shutting down and abandoning module BspMode (590)
[2018.12.17-22.42.00:995][162]LogModuleManager: Shutting down and abandoning module PIEPreviewDeviceProfileSelector (588)
[2018.12.17-22.42.00:995][162]LogModuleManager: Shutting down and abandoning module SequenceRecorderSections (586)
[2018.12.17-22.42.00:995][162]LogModuleManager: Shutting down and abandoning module AutomationWorker (584)
[2018.12.17-22.42.00:995][162]LogModuleManager: Shutting down and abandoning module DatasmithFBXImporter (582)
[2018.12.17-22.42.00:995][162]LogModuleManager: Shutting down and abandoning module DatasmithDeltaGenImporter (580)
[2018.12.17-22.42.00:995][162]LogModuleManager: Shutting down and abandoning module DatasmithVREDImporter (578)
[2018.12.17-22.42.00:995][162]LogModuleManager: Shutting down and abandoning module AudioCaptureEditor (576)
[2018.12.17-22.42.00:995][162]LogModuleManager: Shutting down and abandoning module SequenceRecorder (575)
[2018.12.17-22.42.00:996][162]LogModuleManager: Shutting down and abandoning module MatineeToLevelSequence (572)
[2018.12.17-22.42.00:996][162]LogModuleManager: Shutting down and abandoning module LevelSequenceEditor (570)
[2018.12.17-22.42.00:996][162]LogModuleManager: Shutting down and abandoning module PlacementMode (569)
[2018.12.17-22.42.00:996][162]LogModuleManager: Shutting down and abandoning module MaterialEditor (568)
[2018.12.17-22.42.00:996][162]LogModuleManager: Shutting down and abandoning module WmfMediaFactory (564)
[2018.12.17-22.42.00:996][162]LogModuleManager: Shutting down and abandoning module WmfMediaEditor (562)
[2018.12.17-22.42.00:996][162]LogModuleManager: Shutting down and abandoning module MediaPlayerEditor (560)
[2018.12.17-22.42.00:996][162]LogModuleManager: Shutting down and abandoning module OpenExrWrapper (558)
[2018.12.17-22.42.00:996][162]LogModuleManager: Shutting down and abandoning module ImgMediaFactory (556)
[2018.12.17-22.42.00:996][162]LogModuleManager: Shutting down and abandoning module ImgMediaEditor (554)
[2018.12.17-22.42.00:996][162]LogModuleManager: Shutting down and abandoning module AvfMediaFactory (552)
[2018.12.17-22.42.00:996][162]LogModuleManager: Shutting down and abandoning module AvfMediaEditor (550)
[2018.12.17-22.42.00:996][162]LogModuleManager: Shutting down and abandoning module AndroidMediaFactory (548)
[2018.12.17-22.42.00:996][162]LogModuleManager: Shutting down and abandoning module AndroidMediaEditor (546)
[2018.12.17-22.42.00:996][162]LogModuleManager: Shutting down and abandoning module MagicLeapCameraPreviewFactory (544)
[2018.12.17-22.42.00:996][162]LogModuleManager: Shutting down and abandoning module MagicLeapMediaFactory (542)
[2018.12.17-22.42.00:996][162]LogModuleManager: Shutting down and abandoning module MagicLeapMediaEditor (540)
[2018.12.17-22.42.00:996][162]LogModuleManager: Shutting down and abandoning module CharacterAI (538)
[2018.12.17-22.42.00:996][162]LogModuleManager: Shutting down and abandoning module SmartSnapping (536)
[2018.12.17-22.42.00:996][162]LogModuleManager: Shutting down and abandoning module SessionServices (534)
[2018.12.17-22.42.00:996][162]LogModuleManager: Shutting down and abandoning module ViewportSnapping (532)
[2018.12.17-22.42.00:996][162]LogModuleManager: Shutting down and abandoning module ViewportInteraction (530)
[2018.12.17-22.42.00:996][162]LogModuleManager: Shutting down and abandoning module ClothPainter (528)
[2018.12.17-22.42.00:996][162]LogModuleManager: Shutting down and abandoning module SkeletalMeshEditor (527)
[2018.12.17-22.42.00:996][162]LogModuleManager: Shutting down and abandoning module LogVisualizer (524)
[2018.12.17-22.42.00:996][162]LogModuleManager: Shutting down and abandoning module IntroTutorials (522)
[2018.12.17-22.42.00:996][162]LogModuleManager: Shutting down and abandoning module GameProjectGeneration (521)
[2018.12.17-22.42.00:996][162]LogModuleManager: Shutting down and abandoning module LuminPlatformEditor (518)
[2018.12.17-22.42.00:996][162]LogModuleManager: Shutting down and abandoning module IOSPlatformEditor (516)
[2018.12.17-22.42.00:996][162]LogModuleManager: Shutting down and abandoning module HTML5PlatformEditor (514)
[2018.12.17-22.42.00:996][162]LogModuleManager: Shutting down and abandoning module AndroidPlatformEditor (512)
[2018.12.17-22.42.00:996][162]LogModuleManager: Shutting down and abandoning module AndroidDeviceDetection (511)
[2018.12.17-22.42.02:198][162]LogModuleManager: Shutting down and abandoning module WindowsPlatformEditor (508)
[2018.12.17-22.42.02:198][162]LogModuleManager: Shutting down and abandoning module LuminRuntimeSettings (506)
[2018.12.17-22.42.02:199][162]LogModuleManager: Shutting down and abandoning module IOSRuntimeSettings (504)
[2018.12.17-22.42.02:199][162]LogModuleManager: Shutting down and abandoning module AndroidRuntimeSettings (502)
[2018.12.17-22.42.02:199][162]LogModuleManager: Shutting down and abandoning module InputBindingEditor (500)
[2018.12.17-22.42.02:199][162]LogModuleManager: Shutting down and abandoning module MergeActors (498)
[2018.12.17-22.42.02:199][162]LogModuleManager: Shutting down and abandoning module LocalizationDashboard (496)
[2018.12.17-22.42.02:199][162]LogModuleManager: Shutting down and abandoning module LocalizationService (495)
[2018.12.17-22.42.02:199][162]LogModuleManager: Shutting down and abandoning module HardwareTargeting (492)
[2018.12.17-22.42.02:199][162]LogModuleManager: Shutting down and abandoning module DeviceProfileEditor (490)
[2018.12.17-22.42.02:199][162]LogModuleManager: Shutting down and abandoning module UndoHistory (488)
[2018.12.17-22.42.02:199][162]LogModuleManager: Shutting down and abandoning module XmlParser (486)
[2018.12.17-22.42.02:199][162]LogModuleManager: Shutting down and abandoning module Blutility (484)
[2018.12.17-22.42.02:199][162]LogModuleManager: Shutting down and abandoning module ProjectSettingsViewer (482)
[2018.12.17-22.42.02:199][162]LogModuleManager: Shutting down and abandoning module ProjectTargetPlatformEditor (481)
[2018.12.17-22.42.02:199][162]LogModuleManager: Shutting down and abandoning module EditorSettingsViewer (478)
[2018.12.17-22.42.02:199][162]LogModuleManager: Shutting down and abandoning module SettingsEditor (476)
[2018.12.17-22.42.02:199][162]LogModuleManager: Shutting down and abandoning module ProjectLauncher (474)
[2018.12.17-22.42.02:199][162]LogModuleManager: Shutting down and abandoning module SessionFrontend (472)
[2018.12.17-22.42.02:199][162]LogModuleManager: Shutting down and abandoning module ProfilerClient (470)
[2018.12.17-22.42.02:199][162]LogModuleManager: Shutting down and abandoning module DeviceManager (468)
[2018.12.17-22.42.02:199][162]LogModuleManager: Shutting down and abandoning module TargetDeviceServices (467)
[2018.12.17-22.42.02:262][162]LogModuleManager: Shutting down and abandoning module AutomationController (464)
[2018.12.17-22.42.02:262][162]LogModuleManager: Shutting down and abandoning module AutomationWindow (462)
[2018.12.17-22.42.02:262][162]LogModuleManager: Shutting down and abandoning module Layers (460)
[2018.12.17-22.42.02:262][162]LogModuleManager: Shutting down and abandoning module ComponentVisualizers (458)
[2018.12.17-22.42.02:262][162]LogModuleManager: Shutting down and abandoning module DetailCustomizations (456)
[2018.12.17-22.42.02:262][162]LogModuleManager: Shutting down and abandoning module PackagesDialog (454)
[2018.12.17-22.42.02:262][162]LogModuleManager: Shutting down and abandoning module Persona (452)
[2018.12.17-22.42.02:262][162]LogModuleManager: Shutting down and abandoning module AnimGraph (451)
[2018.12.17-22.42.02:262][162]LogModuleManager: Shutting down and abandoning module Kismet (448)
[2018.12.17-22.42.02:262][162]LogModuleManager: Shutting down and abandoning module GraphEditor (446)
[2018.12.17-22.42.02:262][162]LogModuleManager: Shutting down and abandoning module ClassViewer (444)
[2018.12.17-22.42.02:262][162]LogModuleManager: Shutting down and abandoning module Toolbox (442)
[2018.12.17-22.42.02:262][162]LogModuleManager: Shutting down and abandoning module ModuleUI (440)
[2018.12.17-22.42.02:262][162]LogModuleManager: Shutting down and abandoning module MovieSceneTools (438)
[2018.12.17-22.42.02:262][162]LogModuleManager: Shutting down and abandoning module OutputLog (436)
[2018.12.17-22.42.02:262][162]LogModuleManager: Shutting down and abandoning module GammaUI (434)
[2018.12.17-22.42.02:262][162]LogModuleManager: Shutting down and abandoning module Documentation (432)
[2018.12.17-22.42.02:263][162]LogModuleManager: Shutting down and abandoning module MovieSceneTracks (430)
[2018.12.17-22.42.02:263][162]LogModuleManager: Shutting down and abandoning module MovieScene (428)
[2018.12.17-22.42.02:263][162]LogModuleManager: Shutting down and abandoning module StreamingPauseRendering (426)
[2018.12.17-22.42.02:263][162]LogModuleManager: Shutting down and abandoning module LauncherPlatform (424)
[2018.12.17-22.42.02:263][162]LogModuleManager: Shutting down and abandoning module AnalyticsET (422)
[2018.12.17-22.42.02:263][162]LogModuleManager: Shutting down and abandoning module PortalServices (420)
[2018.12.17-22.42.02:263][162]LogModuleManager: Shutting down and abandoning module PortalRpc (418)
[2018.12.17-22.42.02:263][162]LogModuleManager: Shutting down and abandoning module MessagingRpc (416)
[2018.12.17-22.42.02:263][162]LogModuleManager: Shutting down and abandoning module AIModule (414)
[2018.12.17-22.42.02:263][162]LogModuleManager: Shutting down and abandoning module GameplayDebugger (413)
[2018.12.17-22.42.02:263][162]LogModuleManager: Shutting down and abandoning module AITestSuite (411)
[2018.12.17-22.42.02:263][162]LogModuleManager: Shutting down and abandoning module NavigationSystem (409)
[2018.12.17-22.42.02:263][162]LogModuleManager: Shutting down and abandoning module DesktopPlatform (406)
[2018.12.17-22.42.02:263][162]LogModuleManager: Shutting down and abandoning module ProfilerService (404)
[2018.12.17-22.42.02:417][162]LogModuleManager: Shutting down and abandoning module TaskGraph (402)
[2018.12.17-22.42.02:417][162]LogModuleManager: Shutting down and abandoning module DatasmithCADImporter (400)
[2018.12.17-22.42.02:417][162]LogModuleManager: Shutting down and abandoning module StaticMeshEditorExtension (398)
[2018.12.17-22.42.02:417][162]LogModuleManager: Shutting down and abandoning module StaticMeshEditor (397)
[2018.12.17-22.42.02:417][162]LogModuleManager: Shutting down and abandoning module AdvancedPreviewScene (396)
[2018.12.17-22.42.02:417][162]LogModuleManager: Shutting down and abandoning module DatasmithMDLImporter (392)
[2018.12.17-22.42.02:418][162]LogModuleManager: Shutting down and abandoning module DatasmithImporter (390)
[2018.12.17-22.42.02:419][162]LogModuleManager: Shutting down and abandoning module ProceduralMeshComponentEditor (388)
[2018.12.17-22.42.02:419][162]LogModuleManager: Shutting down and abandoning module ProceduralMeshComponent (386)
[2018.12.17-22.42.02:419][162]LogModuleManager: Shutting down and abandoning module MobilePatchingUtils (384)
[2018.12.17-22.42.02:419][162]LogModuleManager: Shutting down and abandoning module EditableMesh (382)
[2018.12.17-22.42.02:419][162]LogModuleManager: Shutting down and abandoning module CustomMeshComponent (380)
[2018.12.17-22.42.02:419][162]LogModuleManager: Shutting down and abandoning module CableComponent (378)
[2018.12.17-22.42.02:419][162]LogModuleManager: Shutting down and abandoning module AudioCapture (376)
[2018.12.17-22.42.02:419][162]LogModuleManager: Shutting down and abandoning module ArchVisCharacter (374)
[2018.12.17-22.42.02:419][162]LogModuleManager: Shutting down and abandoning module AndroidPermission (372)
[2018.12.17-22.42.02:419][162]LogModuleManager: Shutting down and abandoning module NUTUnrealEngine4 (370)
[2018.12.17-22.42.02:419][162]LogModuleManager: Shutting down and abandoning module NetcodeUnitTest (368)
[2018.12.17-22.42.02:419][162]LogModuleManager: Shutting down and abandoning module MediaCompositingEditor (366)
[2018.12.17-22.42.02:419][162]LogModuleManager: Shutting down and abandoning module MediaCompositing (364)
[2018.12.17-22.42.02:419][162]LogModuleManager: Shutting down and abandoning module LinearTimecode (362)
[2018.12.17-22.42.02:419][162]LogModuleManager: Shutting down and abandoning module ImgMedia (360)
[2018.12.17-22.42.02:422][162]LogModuleManager: Shutting down and abandoning module HTML5Networking (358)
[2018.12.17-22.42.02:422][162]LogModuleManager: Shutting down and abandoning module GeometryCacheTracks (356)
[2018.12.17-22.42.02:423][162]LogModuleManager: Shutting down and abandoning module GeometryCacheSequencer (354)
[2018.12.17-22.42.02:423][162]LogModuleManager: Shutting down and abandoning module BackChannel (352)
[2018.12.17-22.42.02:423][162]LogModuleManager: Shutting down and abandoning module AppleVision (350)
[2018.12.17-22.42.02:423][162]LogModuleManager: Shutting down and abandoning module AppleImageUtils (348)
[2018.12.17-22.42.02:423][162]LogModuleManager: Shutting down and abandoning module AlembicImporter (346)
[2018.12.17-22.42.02:423][162]LogModuleManager: Shutting down and abandoning module AlembicLibrary (345)
[2018.12.17-22.42.02:423][162]LogModuleManager: Shutting down and abandoning module GeometryCache (344)
[2018.12.17-22.42.02:423][162]LogModuleManager: Shutting down and abandoning module GeometryCacheEd (343)
[2018.12.17-22.42.02:423][162]LogModuleManager: Shutting down and abandoning module DatasmithContentEditor (338)
[2018.12.17-22.42.02:423][162]LogModuleManager: Shutting down and abandoning module DatasmithContent (336)
[2018.12.17-22.42.02:423][162]LogModuleManager: Shutting down and abandoning module SpeedTreeImporter (334)
[2018.12.17-22.42.02:423][162]LogModuleManager: Shutting down and abandoning module PluginBrowser (332)
[2018.12.17-22.42.02:423][162]LogModuleManager: Shutting down and abandoning module MobileLauncherProfileWizard (330)
[2018.12.17-22.42.02:423][162]LogModuleManager: Shutting down and abandoning module PolygonModeling (328)
[2018.12.17-22.42.02:423][162]LogModuleManager: Shutting down and abandoning module MeshEditor (326)
[2018.12.17-22.42.02:423][162]LogModuleManager: Shutting down and abandoning module EditorScriptingUtilities (324)
[2018.12.17-22.42.02:423][162]LogModuleManager: Shutting down and abandoning module CryptoKeysOpenSSL (322)
[2018.12.17-22.42.02:423][162]LogModuleManager: Shutting down and abandoning module CryptoKeys (320)
[2018.12.17-22.42.02:423][162]LogModuleManager: Shutting down and abandoning module VisualStudioSourceCodeAccess (318)
[2018.12.17-22.42.02:423][162]LogModuleManager: Shutting down and abandoning module VisualStudioCodeSourceCodeAccess (316)
[2018.12.17-22.42.02:423][162]LogModuleManager: Shutting down and abandoning module UObjectPlugin (314)
[2018.12.17-22.42.02:423][162]LogModuleManager: Shutting down and abandoning module SubversionSourceControl (312)
[2018.12.17-22.42.02:423][162]LogModuleManager: Shutting down and abandoning module PerforceSourceControl (310)
[2018.12.17-22.42.02:423][162]LogModuleManager: Shutting down and abandoning module GitSourceControl (308)
[2018.12.17-22.42.02:423][162]LogModuleManager: Shutting down and abandoning module SourceControl (307)
[2018.12.17-22.42.02:424][162]LogModuleManager: Shutting down and abandoning module CLionSourceCodeAccess (304)
[2018.12.17-22.42.02:424][162]LogModuleManager: Shutting down and abandoning module LightPropagationVolumeEditor (302)
[2018.12.17-22.42.02:424][162]LogModuleManager: Shutting down and abandoning module PaperTiledImporter (300)
[2018.12.17-22.42.02:424][162]LogModuleManager: Shutting down and abandoning module PaperSpriteSheetImporter (298)
[2018.12.17-22.42.02:424][162]LogModuleManager: Shutting down and abandoning module Paper2DEditor (296)
[2018.12.17-22.42.02:424][162]LogModuleManager: Shutting down and abandoning module MeshPaint (295)
[2018.12.17-22.42.02:424][162]LogModuleManager: Shutting down and abandoning module RuntimePhysXCooking (292)
[2018.12.17-22.42.02:424][162]LogModuleManager: Shutting down and abandoning module PhysXVehiclesEditor (290)
[2018.12.17-22.42.02:424][162]LogModuleManager: Shutting down and abandoning module PhysXVehicles (288)
[2018.12.17-22.42.02:424][162]LogModuleManager: Shutting down and abandoning module LocationServicesBPLibrary (286)
[2018.12.17-22.42.02:424][162]LogModuleManager: Shutting down and abandoning module ImmediatePhysicsEditor (284)
[2018.12.17-22.42.02:424][162]LogModuleManager: Shutting down and abandoning module ImmediatePhysics (282)
[2018.12.17-22.42.02:424][162]LogModuleManager: Shutting down and abandoning module ActorSequence (280)
[2018.12.17-22.42.02:424][162]LogModuleManager: Shutting down and abandoning module UdpMessaging (278)
[2018.12.17-22.42.02:525][162]LogModuleManager: Shutting down and abandoning module TcpMessaging (276)
[2018.12.17-22.42.02:626][162]LogModuleManager: Shutting down and abandoning module MagicLeapAudio (274)
[2018.12.17-22.42.02:626][162]LogModuleManager: Shutting down and abandoning module GameplayTagsEditor (272)
[2018.12.17-22.42.02:626][162]LogModuleManager: Shutting down and abandoning module FacialAnimationEditor (270)
[2018.12.17-22.42.02:626][162]LogModuleManager: Shutting down and abandoning module FacialAnimation (268)
[2018.12.17-22.42.02:626][162]LogModuleManager: Shutting down and abandoning module DataValidation (266)
[2018.12.17-22.42.02:626][162]LogModuleManager: Shutting down and abandoning module AssetManagerEditor (264)
[2018.12.17-22.42.02:626][162]LogModuleManager: Shutting down and abandoning module LevelEditor (263)
[2018.12.17-22.42.02:626][162]LogModuleManager: Shutting down and abandoning module PixelInspectorModule (262)
[2018.12.17-22.42.02:626][162]LogModuleManager: Shutting down and abandoning module CommonMenuExtensions (260)
[2018.12.17-22.42.02:626][162]LogModuleManager: Shutting down and abandoning module MainFrame (258)
[2018.12.17-22.42.02:627][162]LogModuleManager: Shutting down and abandoning module HotReload (257)
[2018.12.17-22.42.02:627][162]LogModuleManager: Shutting down and abandoning module ContentBrowser (253)
[2018.12.17-22.42.02:628][162]LogModuleManager: Shutting down and abandoning module TreeMap (251)
[2018.12.17-22.42.02:628][162]LogModuleManager: Shutting down and abandoning module LightPropagationVolumeRuntime (248)
[2018.12.17-22.42.02:628][162]LogModuleManager: Shutting down and abandoning module AISupportModule (246)
[2018.12.17-22.42.02:628][162]LogModuleManager: Shutting down and abandoning module Paper2D (244)
[2018.12.17-22.42.02:628][162]LogModuleManager: Shutting down and abandoning module WindowsMoviePlayer (242)
[2018.12.17-22.42.02:628][162]LogModuleManager: Shutting down and abandoning module WmfMedia (240)
[2018.12.17-22.42.02:629][162]LogModuleManager: Shutting down and abandoning module Media (239)
[2018.12.17-22.42.02:635][162]LogModuleManager: Shutting down and abandoning module PacketHandler (236)
[2018.12.17-22.42.02:635][162]LogModuleManager: Shutting down and abandoning module ClothingSystemEditor (234)
[2018.12.17-22.42.02:635][162]LogModuleManager: Shutting down and abandoning module ClothingSystemRuntime (232)
[2018.12.17-22.42.02:635][162]LogModuleManager: Shutting down and abandoning module MediaAssets (230)
[2018.12.17-22.42.02:635][162]LogModuleManager: Shutting down and abandoning module Overlay (228)
[2018.12.17-22.42.02:635][162]LogModuleManager: Shutting down and abandoning module OverlayEditor (227)
[2018.12.17-22.42.02:635][162]LogModuleManager: Shutting down and abandoning module VREditor (224)
[2018.12.17-22.42.02:635][162]LogModuleManager: Shutting down and abandoning module StringTableEditor (222)
[2018.12.17-22.42.02:635][162]LogModuleManager: Shutting down and abandoning module GameplayTasksEditor (220)
[2018.12.17-22.42.02:635][162]LogModuleManager: Shutting down and abandoning module BehaviorTreeEditor (218)
[2018.12.17-22.42.02:635][162]LogModuleManager: Shutting down and abandoning module FunctionalTesting (216)
[2018.12.17-22.42.02:635][162]LogModuleManager: Shutting down and abandoning module CollisionAnalyzer (214)
[2018.12.17-22.42.02:635][162]LogModuleManager: Shutting down and abandoning module WorkspaceMenuStructure (213)
[2018.12.17-22.42.02:636][162]LogModuleManager: Shutting down and abandoning module UMG (210)
[2018.12.17-22.42.02:636][162]LogModuleManager: Shutting down and abandoning module UMGEditor (209)
[2018.12.17-22.42.02:636][162]LogModuleManager: Shutting down and abandoning module Sequencer (208)
[2018.12.17-22.42.02:636][162]LogModuleManager: Shutting down and abandoning module MessageLog (205)
[2018.12.17-22.42.02:636][162]LogModuleManager: Shutting down and abandoning module SlateReflector (200)
[2018.12.17-22.42.02:636][162]LogModuleManager: Shutting down and abandoning module Slate (198)
[2018.12.17-22.42.02:636][162]LogModuleManager: Shutting down and abandoning module EditorStyle (196)
[2018.12.17-22.42.02:637][162]LogModuleManager: Shutting down and abandoning module MRMesh (194)
[2018.12.17-22.42.02:637][162]LogModuleManager: Shutting down and abandoning module SourceCodeAccess (192)
[2018.12.17-22.42.02:637][162]LogModuleManager: Shutting down and abandoning module HeadMountedDisplay (190)
[2018.12.17-22.42.02:637][162]LogModuleManager: Shutting down and abandoning module XAudio2 (188)
[2018.12.17-22.42.02:637][162]LogModuleManager: Shutting down and abandoning module Networking (186)
[2018.12.17-22.42.02:637][162]LogModuleManager: Shutting down and abandoning module Core (184)
[2018.12.17-22.42.02:637][162]LogModuleManager: Shutting down and abandoning module LevelSequence (182)
[2018.12.17-22.42.02:637][162]LogModuleManager: Shutting down and abandoning module KismetCompiler (180)
[2018.12.17-22.42.02:637][162]LogModuleManager: Shutting down and abandoning module MeshUtilities (178)
[2018.12.17-22.42.02:637][162]LogModuleManager: Shutting down and abandoning module MeshMergeUtilities (177)
[2018.12.17-22.42.02:637][162]LogModuleManager: Shutting down and abandoning module MeshReductionInterface (176)
[2018.12.17-22.42.02:637][162]LogModuleManager: Shutting down and abandoning module SimplygonSwarm (175)
[2018.12.17-22.42.02:637][162]LogModuleManager: Shutting down and abandoning module ProxyLODMeshReduction (173)
[2018.12.17-22.42.02:637][162]LogModuleManager: Shutting down and abandoning module SimplygonMeshReduction (171)
[2018.12.17-22.42.02:637][162]LogModuleManager: Shutting down and abandoning module QuadricMeshReduction (169)
[2018.12.17-22.42.02:637][162]LogModuleManager: Shutting down and abandoning module MaterialBaking (165)
[2018.12.17-22.42.02:637][162]LogModuleManager: Shutting down and abandoning module DirectoryWatcher (161)
[2018.12.17-22.42.02:637][162]LogModuleManager: Shutting down and abandoning module DerivedDataCache (158)
[2018.12.17-22.42.02:648][162]LogDerivedDataCache: Shutdown
[2018.12.17-22.42.02:648][162]LogModuleManager: Shutting down and abandoning module XGEController (156)
[2018.12.17-22.42.02:648][162]LogXGEController: Cleaning working directory: C:/Users/fuzzyblackpanda/AppData/Local/Temp/UnrealXGEWorkingDir/
[2018.12.17-22.42.02:648][162]LogModuleManager: Shutting down and abandoning module TargetPlatform (154)
[2018.12.17-22.42.02:648][162]LogModuleManager: Shutting down and abandoning module VulkanShaderFormat (153)
[2018.12.17-22.42.02:648][162]LogModuleManager: Shutting down and abandoning module ShaderFormatVectorVM (151)
[2018.12.17-22.42.02:648][162]LogModuleManager: Shutting down and abandoning module ShaderFormatOpenGL (149)
[2018.12.17-22.42.02:648][162]LogModuleManager: Shutting down and abandoning module ShaderFormatD3D (147)
[2018.12.17-22.42.02:648][162]LogModuleManager: Shutting down and abandoning module MetalShaderFormat (145)
[2018.12.17-22.42.02:648][162]LogModuleManager: Shutting down and abandoning module TextureFormatUncompressed (143)
[2018.12.17-22.42.02:648][162]LogModuleManager: Shutting down and abandoning module TextureFormatPVR (141)
[2018.12.17-22.42.02:649][162]LogModuleManager: Shutting down and abandoning module TextureFormatDXT (139)
[2018.12.17-22.42.02:649][162]LogModuleManager: Shutting down and abandoning module TextureFormatIntelISPCTexComp (137)
[2018.12.17-22.42.02:649][162]LogModuleManager: Shutting down and abandoning module TextureFormatASTC (135)
[2018.12.17-22.42.02:649][162]LogModuleManager: Shutting down and abandoning module ImageWrapper (134)
[2018.12.17-22.42.02:649][162]LogModuleManager: Shutting down and abandoning module TextureFormatAndroid (131)
[2018.12.17-22.42.02:649][162]LogModuleManager: Shutting down and abandoning module AudioFormatOpus (129)
[2018.12.17-22.42.02:649][162]LogModuleManager: Shutting down and abandoning module AudioFormatOgg (127)
[2018.12.17-22.42.02:649][162]LogModuleManager: Shutting down and abandoning module AudioFormatADPCM (125)
[2018.12.17-22.42.02:649][162]LogModuleManager: Shutting down and abandoning module LuminTargetPlatform (123)
[2018.12.17-22.42.02:649][162]LogModuleManager: Shutting down and abandoning module LinuxTargetPlatform (121)
[2018.12.17-22.42.02:649][162]LogModuleManager: Shutting down and abandoning module LinuxServerTargetPlatform (119)
[2018.12.17-22.42.02:649][162]LogModuleManager: Shutting down and abandoning module LinuxNoEditorTargetPlatform (117)
[2018.12.17-22.42.02:649][162]LogModuleManager: Shutting down and abandoning module LinuxClientTargetPlatform (115)
[2018.12.17-22.42.02:649][162]LogModuleManager: Shutting down and abandoning module TVOSTargetPlatform (113)
[2018.12.17-22.42.02:649][162]LogModuleManager: Shutting down and abandoning module Messaging (111)
[2018.12.17-22.42.02:649][162]LogModuleManager: Shutting down and abandoning module IOSTargetPlatform (109)
[2018.12.17-22.42.02:650][162]LogModuleManager: Shutting down and abandoning module HTML5TargetPlatform (107)
[2018.12.17-22.42.02:650][162]LogModuleManager: Shutting down and abandoning module AndroidTargetPlatform (105)
[2018.12.17-22.42.02:655][162]LogModuleManager: Shutting down and abandoning module WindowsTargetPlatform (103)
[2018.12.17-22.42.02:655][162]LogModuleManager: Shutting down and abandoning module WindowsServerTargetPlatform (101)
[2018.12.17-22.42.02:655][162]LogModuleManager: Shutting down and abandoning module WindowsNoEditorTargetPlatform (99)
[2018.12.17-22.42.02:655][162]LogModuleManager: Shutting down and abandoning module WindowsClientTargetPlatform (97)
[2018.12.17-22.42.02:655][162]LogModuleManager: Shutting down and abandoning module MacTargetPlatform (95)
[2018.12.17-22.42.02:655][162]LogModuleManager: Shutting down and abandoning module MacServerTargetPlatform (93)
[2018.12.17-22.42.02:655][162]LogModuleManager: Shutting down and abandoning module MacNoEditorTargetPlatform (91)
[2018.12.17-22.42.02:655][162]LogModuleManager: Shutting down and abandoning module MacClientTargetPlatform (89)
[2018.12.17-22.42.02:655][162]LogModuleManager: Shutting down and abandoning module AllDesktopTargetPlatform (87)
[2018.12.17-22.42.02:655][162]LogModuleManager: Shutting down and abandoning module InputCore (84)
[2018.12.17-22.42.02:655][162]LogModuleManager: Shutting down and abandoning module Settings (82)
[2018.12.17-22.42.02:655][162]LogModuleManager: Shutting down and abandoning module PhysXCooking (80)
[2018.12.17-22.42.02:655][162]LogModuleManager: Shutting down and abandoning module ExampleDeviceProfileSelector (78)
[2018.12.17-22.42.02:655][162]LogModuleManager: Shutting down and abandoning module LauncherChunkInstaller (76)
[2018.12.17-22.42.02:655][162]LogModuleManager: Shutting down and abandoning module OnlineBlueprintSupport (74)
[2018.12.17-22.42.02:655][162]LogModuleManager: Shutting down and abandoning module OnlineSubsystem (70)
[2018.12.17-22.42.02:656][162]LogModuleManager: Shutting down and abandoning module XMPP (65)
[2018.12.17-22.42.02:656][162]LogModuleManager: Shutting down and abandoning module WebSockets (64)
[2018.12.17-22.42.02:682][162]LogModuleManager: Shutting down and abandoning module HTTP (61)
[2018.12.17-22.42.02:682][162]LogHttp: Display: Http module shutting down, but needs to wait on 1 outstanding Http requests:
[2018.12.17-22.42.02:682][162]LogHttp: Display: 	verb=[POST] url=[https://datarouter.ol.epicgames.com/datarouter/api/v1/public/data?SessionID=%7B0F7B7AE6-4B76-6C09-2DEF-85B5C9740F4D%7D&AppID=UEEditor.Rocket.Release&AppVersion=4.20.3-4369336%2B%2B%2BUE4%2BRelease-4.20&UserID=52a218a54d6ab85baa37469deebf6667%7Cc962805cfd964f64a4092bc994eb3c5e%7C67226e01-1558-49ff-a565-9f331b74223d&AppEnvironment=datacollector-binary&UploadType=eteventstream] status=Processing
[2018.12.17-22.42.02:695][162]LogModuleManager: Shutting down and abandoning module SSL (60)
[2018.12.17-22.42.02:696][162]LogModuleManager: Shutting down and abandoning module MagicLeapEmulator (56)
[2018.12.17-22.42.02:696][162]LogModuleManager: Shutting down and abandoning module MagicLeapPrivileges (54)
[2018.12.17-22.42.02:696][162]LogModuleManager: Shutting down and abandoning module MagicLeapIdentity (52)
[2018.12.17-22.42.02:696][162]LogModuleManager: Shutting down and abandoning module MagicLeapHelperVulkan (50)
[2018.12.17-22.42.02:696][162]LogModuleManager: Shutting down and abandoning module MagicLeapHelperOpenGL (48)
[2018.12.17-22.42.02:696][162]LogModuleManager: Shutting down and abandoning module MagicLeapSecureStorage (46)
[2018.12.17-22.42.02:696][162]LogModuleManager: Shutting down and abandoning module MagicLeapGestures (44)
[2018.12.17-22.42.02:696][162]LogModuleManager: Shutting down and abandoning module MagicLeapEyeTracker (42)
[2018.12.17-22.42.02:696][162]LogModuleManager: Shutting down and abandoning module MagicLeapController (40)
[2018.12.17-22.42.02:696][162]LogSlate: Slate User Destroyed.  User Index 0, Is Virtual User: 0
[2018.12.17-22.42.02:696][162]LogModuleManager: Shutting down and abandoning module MagicLeap (38)
[2018.12.17-22.42.02:696][162]LogModuleManager: Shutting down and abandoning module AnimationModifiers (36)
[2018.12.17-22.42.02:696][162]LogModuleManager: Shutting down and abandoning module PropertyEditor (35)
[2018.12.17-22.42.02:696][162]LogModuleManager: Shutting down and abandoning module AudioEditor (32)
[2018.12.17-22.42.02:696][162]LogModuleManager: Shutting down and abandoning module TextureCompressor (30)
[2018.12.17-22.42.02:696][162]LogModuleManager: Shutting down and abandoning module ShaderCore (28)
[2018.12.17-22.42.02:696][162]LogModuleManager: Shutting down and abandoning module Landscape (26)
[2018.12.17-22.42.02:696][162]LogModuleManager: Shutting down and abandoning module SlateRHIRenderer (24)
[2018.12.17-22.42.02:696][162]LogModuleManager: Shutting down and abandoning module OpenGLDrv (22)
[2018.12.17-22.42.02:697][162]LogModuleManager: Shutting down and abandoning module D3D11RHI (20)
[2018.12.17-22.42.02:697][162]LogModuleManager: Shutting down and abandoning module AnimGraphRuntime (18)
[2018.12.17-22.42.02:697][162]LogModuleManager: Shutting down and abandoning module Renderer (16)
[2018.12.17-22.42.02:697][162]LogModuleManager: Shutting down and abandoning module Engine (14)
[2018.12.17-22.42.02:697][162]LogModuleManager: Shutting down and abandoning module CoreUObject (12)
[2018.12.17-22.42.02:697][162]LogModuleManager: Shutting down and abandoning module NetworkFile (10)
[2018.12.17-22.42.02:697][162]LogModuleManager: Shutting down and abandoning module CookedIterativeFile (8)
[2018.12.17-22.42.02:697][162]LogModuleManager: Shutting down and abandoning module StreamingFile (6)
[2018.12.17-22.42.02:697][162]LogModuleManager: Shutting down and abandoning module SandboxFile (4)
[2018.12.17-22.42.02:697][162]LogModuleManager: Shutting down and abandoning module PakFile (2)
[2018.12.17-22.42.02:706][162]LogExit: Exiting.
[2018.12.17-22.42.02:721][162]Log file closed, 12/17/18 16:42:02
